  random.cpp
c:\users\sabz\documents\programming\task_click_point\random.cpp(6): warning C4244: 'initializing': conversion from 'int' to 'float', possible loss of data
c:\users\sabz\documents\programming\task_click_point\random.cpp(7): warning C4244: 'initializing': conversion from 'float' to 'int', possible loss of data
c:\users\sabz\documents\programming\task_click_point\random.cpp(14): warning C4244: 'initializing': conversion from 'int' to 'float', possible loss of data
c:\users\sabz\documents\programming\task_click_point\random.cpp(15): warning C4244: 'initializing': conversion from 'float' to 'int', possible loss of data
c:\users\sabz\documents\programming\task_click_point\random.cpp(22): warning C4244: 'initializing': conversion from 'int' to 'float', possible loss of data
c:\users\sabz\documents\programming\task_click_point\random.cpp(23): warning C4244: 'initializing': conversion from 'float' to 'int', possible loss of data
  main.cpp
c:\users\sabz\documents\programming\task_click_point\entity.h(63): warning C4244: '=': conversion from 'int' to 'float', possible loss of data
c:\users\sabz\documents\programming\task_click_point\entity.h(64): warning C4244: '=': conversion from 'int' to 'float', possible loss of data
c:\users\sabz\documents\programming\task_click_point\entity.h(75): warning C4244: '=': conversion from 'int' to 'float', possible loss of data
c:\users\sabz\documents\programming\task_click_point\entity.h(76): warning C4244: '=': conversion from 'int' to 'float', possible loss of data
c:\users\sabz\documents\programming\task_click_point\character.h(21): warning C4305: 'initializing': truncation from 'double' to 'float'
c:\users\sabz\documents\programming\task_click_point\dialogue.h(61): warning C4018: '<': signed/unsigned mismatch
c:\users\sabz\documents\programming\task_click_point\main.cpp(51): warning C4018: '<': signed/unsigned mismatch
c:\users\sabz\documents\programming\task_click_point\main.cpp(68): warning C4244: '=': conversion from 'int' to 'float', possible loss of data
c:\users\sabz\documents\programming\task_click_point\main.cpp(69): warning C4244: '=': conversion from 'int' to 'float', possible loss of data
c:\users\sabz\documents\programming\task_click_point\main.cpp(74): warning C4244: 'argument': conversion from 'int' to 'float', possible loss of data
c:\users\sabz\documents\programming\task_click_point\main.cpp(85): warning C4244: 'argument': conversion from 'int' to 'float', possible loss of data
c:\users\sabz\documents\programming\task_click_point\main.cpp(130): warning C4305: 'argument': truncation from 'double' to 'float'
c:\users\sabz\documents\programming\task_click_point\main.cpp(157): warning C4244: 'argument': conversion from 'unsigned int' to 'float', possible loss of data
c:\users\sabz\documents\programming\task_click_point\main.cpp(218): warning C4244: 'argument': conversion from 'unsigned int' to 'float', possible loss of data
c:\users\sabz\documents\programming\task_click_point\main.cpp(226): warning C4018: '<': signed/unsigned mismatch
c:\users\sabz\documents\programming\task_click_point\main.cpp(233): warning C4018: '<': signed/unsigned mismatch
c:\users\sabz\documents\programming\task_click_point\main.cpp(256): warning C4018: '<': signed/unsigned mismatch
c:\users\sabz\documents\programming\task_click_point\main.cpp(258): warning C4018: '>=': signed/unsigned mismatch
c:\users\sabz\documents\programming\task_click_point\main.cpp(295): warning C4018: '<': signed/unsigned mismatch
c:\users\sabz\documents\programming\task_click_point\main.cpp(307): warning C4018: '<': signed/unsigned mismatch
c:\users\sabz\documents\programming\task_click_point\main.cpp(389): warning C4018: '>=': signed/unsigned mismatch
c:\users\sabz\documents\programming\task_click_point\main.cpp(414): warning C4018: '>=': signed/unsigned mismatch
c:\users\sabz\documents\programming\task_click_point\main.cpp(426): warning C4018: '>=': signed/unsigned mismatch
c:\users\sabz\documents\programming\task_click_point\main.cpp(449): warning C4018: '<': signed/unsigned mismatch
c:\users\sabz\documents\programming\task_click_point\rapidxml_utils.hpp(40): warning C4244: 'initializing': conversion from 'std::streamoff' to 'size_t', possible loss of data
  c:\users\sabz\documents\programming\task_click_point\rapidxml_utils.hpp(28): note: while compiling class template member function 'rapidxml::file<char>::file(const char *)'
  c:\users\sabz\documents\programming\task_click_point\sprite.h(35): note: see reference to function template instantiation 'rapidxml::file<char>::file(const char *)' being compiled
  c:\users\sabz\documents\programming\task_click_point\sprite.h(35): note: see reference to class template instantiation 'rapidxml::file<char>' being compiled
  entity.cpp
c:\users\sabz\documents\programming\task_click_point\entity.h(63): warning C4244: '=': conversion from 'int' to 'float', possible loss of data
c:\users\sabz\documents\programming\task_click_point\entity.h(64): warning C4244: '=': conversion from 'int' to 'float', possible loss of data
c:\users\sabz\documents\programming\task_click_point\entity.h(75): warning C4244: '=': conversion from 'int' to 'float', possible loss of data
c:\users\sabz\documents\programming\task_click_point\entity.h(76): warning C4244: '=': conversion from 'int' to 'float', possible loss of data
  Player.cpp
c:\users\sabz\documents\programming\task_click_point\entity.h(63): warning C4244: '=': conversion from 'int' to 'float', possible loss of data
c:\users\sabz\documents\programming\task_click_point\entity.h(64): warning C4244: '=': conversion from 'int' to 'float', possible loss of data
c:\users\sabz\documents\programming\task_click_point\entity.h(75): warning C4244: '=': conversion from 'int' to 'float', possible loss of data
c:\users\sabz\documents\programming\task_click_point\entity.h(76): warning C4244: '=': conversion from 'int' to 'float', possible loss of data
  Character.cpp
c:\users\sabz\documents\programming\task_click_point\entity.h(63): warning C4244: '=': conversion from 'int' to 'float', possible loss of data
c:\users\sabz\documents\programming\task_click_point\entity.h(64): warning C4244: '=': conversion from 'int' to 'float', possible loss of data
c:\users\sabz\documents\programming\task_click_point\entity.h(75): warning C4244: '=': conversion from 'int' to 'float', possible loss of data
c:\users\sabz\documents\programming\task_click_point\entity.h(76): warning C4244: '=': conversion from 'int' to 'float', possible loss of data
c:\users\sabz\documents\programming\task_click_point\character.h(21): warning C4305: 'initializing': truncation from 'double' to 'float'
c:\users\sabz\documents\programming\task_click_point\character.cpp(7): warning C4244: 'argument': conversion from 'float' to 'int', possible loss of data
c:\users\sabz\documents\programming\task_click_point\character.cpp(22): warning C4244: 'argument': conversion from 'float' to 'int', possible loss of data
c:\users\sabz\documents\programming\task_click_point\character.cpp(33): warning C4244: 'argument': conversion from 'float' to 'int', possible loss of data
c:\users\sabz\documents\programming\task_click_point\character.cpp(37): warning C4244: 'argument': conversion from 'float' to 'int', possible loss of data
c:\users\sabz\documents\programming\task_click_point\character.cpp(44): warning C4244: 'argument': conversion from 'float' to 'int', possible loss of data
c:\users\sabz\documents\programming\task_click_point\character.cpp(48): warning C4244: 'argument': conversion from 'float' to 'int', possible loss of data
c:\users\sabz\documents\programming\task_click_point\character.cpp(56): warning C4244: 'argument': conversion from 'float' to 'int', possible loss of data
c:\users\sabz\documents\programming\task_click_point\character.cpp(60): warning C4244: 'argument': conversion from 'float' to 'int', possible loss of data
c:\users\sabz\documents\programming\task_click_point\character.cpp(67): warning C4244: 'argument': conversion from 'float' to 'int', possible loss of data
c:\users\sabz\documents\programming\task_click_point\character.cpp(71): warning C4244: 'argument': conversion from 'float' to 'int', possible loss of data
c:\users\sabz\documents\programming\task_click_point\character.cpp(74): warning C4244: 'argument': conversion from 'float' to 'int', possible loss of data
c:\users\sabz\documents\programming\task_click_point\character.cpp(91): warning C4244: '=': conversion from 'float' to 'int', possible loss of data
  Generating Code...
c:\users\sabz\documents\programming\task_click_point\dialogue.h(86): warning C4715: 'ReadXmlDialogue': not all control paths return a value
  Task_Click_Point.vcxproj -> C:\Users\sabz\Documents\Programming\Debug\Task_Click_Point.exe
